<?xml version="1.0" encoding="UTF-8"?>
<!-- Generated by org.testng.reporters.JUnitXMLReporter -->
<testsuite ignored="0" hostname="LAPTOP-UEETHQBE" failures="1" tests="1" name="Test(failed)(failed)(failed)(failed)(failed)" time="15.623" errors="0" timestamp="2024-09-07T14:16:53 CDT">
  <testcase classname="testCases.TC002_Logintest" name="Login" time="10.322">
    <failure type="java.lang.AssertionError" message="null">
      <![CDATA[java.lang.AssertionError: null
at testCases.TC002_Logintest.Login(TC002_Logintest.java:44)
at java.base/java.util.ArrayList.forEach(ArrayList.java:1511)
... Removed 29 stack frames]]>
    </failure>
  </testcase> <!-- Login -->
</testsuite> <!-- Test(failed)(failed)(failed)(failed)(failed) -->
