<?xml version="1.0" encoding="UTF-8"?>
<!-- Generated by org.testng.reporters.JUnitXMLReporter -->
<testsuite ignored="0" hostname="LAPTOP-UEETHQBE" failures="0" tests="1" name="edgetest" time="0.278" errors="0" timestamp="2024-09-08T14:46:24 CDT">
  <testcase classname="testBase.BaseClass" name="@BeforeClass setup" time="0.017">
    <failure type="java.lang.Error" message="Unresolved compilation problems: 
	EdgeDriver cannot be resolved to a type
	FirefoxDriver cannot be resolved to a type
">
      <![CDATA[java.lang.Error: Unresolved compilation problems: 
EdgeDriver cannot be resolved to a type
FirefoxDriver cannot be resolved to a type

at testBase.BaseClass.setup(BaseClass.java:88)
at java.base/java.util.ArrayList.forEach(ArrayList.java:1511)
at java.base/java.util.concurrent.FutureTask.run(FutureTask.java:264)
at java.base/java.util.concurrent.ThreadPoolExecutor.runWorker(ThreadPoolExecutor.java:1136)
at java.base/java.util.concurrent.ThreadPoolExecutor$Worker.run(ThreadPoolExecutor.java:635)
at java.base/java.lang.Thread.run(Thread.java:842)
... Removed 15 stack frames]]>
    </failure>
  </testcase> <!-- @BeforeClass setup -->
  <testcase classname="testBase.BaseClass" name="@AfterClass tearDown" time="0.0">
    <skipped/>
  </testcase> <!-- @AfterClass tearDown -->
  <testcase classname="testCases.TC001_AccountRegistrationTest" name="verify_account_registration" time="0.0">
    <skipped/>
  </testcase> <!-- verify_account_registration -->
</testsuite> <!-- edgetest -->
