<?xml version="1.0" encoding="UTF-8"?>
<!-- Generated by org.testng.reporters.JUnitXMLReporter -->
<testsuite ignored="0" hostname="LAPTOP-UEETHQBE" failures="1" tests="1" name="Test" time="9.457" errors="0" timestamp="2024-09-05T13:19:40 CDT">
  <testcase classname="testCases.TC002_Logintest" name="Login" time="0.886">
    <failure type="java.lang.AssertionError" message="null">
      <![CDATA[java.lang.AssertionError: null
at testCases.TC002_Logintest.Login(TC002_Logintest.java:43)
at java.base/java.util.ArrayList.forEach(ArrayList.java:1511)
... Removed 29 stack frames]]>
    </failure>
  </testcase> <!-- Login -->
</testsuite> <!-- Test -->
