<?xml version="1.0" encoding="UTF-8"?>
<!-- Generated by org.testng.reporters.JUnitXMLReporter -->
<testsuite ignored="0" hostname="LAPTOP-UEETHQBE" failures="1" tests="1" name="Test(failed)(failed)" time="158.279" errors="0" timestamp="2024-09-06T23:02:28 CDT">
  <testcase classname="testCases.TC002_Logintest" name="Login" time="12.146">
    <failure type="java.lang.AssertionError" message="expected [true] but found [false]">
      <![CDATA[java.lang.AssertionError: expected [true] but found [false]
at testCases.TC002_Logintest.Login(TC002_Logintest.java:39)
at java.base/java.util.ArrayList.forEach(ArrayList.java:1511)
... Removed 31 stack frames]]>
    </failure>
  </testcase> <!-- Login -->
</testsuite> <!-- Test(failed)(failed) -->
